<?xml version="1.0" encoding="UTF-8"?>
<robot generator="Robot 5.0.1 (Python 3.9.9 on linux)" generated="20220710 15:50:29.281" rpa="false" schemaversion="3">
<suite id="s1" name="Ceva" source="/home/horatiu/Downloads/PycharmProjects/requests1/TestCases/ceva.robot">
<test id="s1-t1" name="Get_info" line="11">
<kw name="Create Session" library="RequestsLibrary">
<arg>mysession</arg>
<arg>${base_url}</arg>
<doc>Create Session: create a HTTP session to a server</doc>
<msg timestamp="20220710 15:50:29.419" level="INFO">Creating Session using : alias=mysession, url=http://api.geonames.org, headers={},                     cookies={}, auth=None, timeout=None, proxies=None, verify=False,                     debug=0 </msg>
<status status="PASS" starttime="20220710 15:50:29.418" endtime="20220710 15:50:29.419"/>
</kw>
<kw name="GET On Session" library="RequestsLibrary">
<var>${response}</var>
<arg>mysession</arg>
<arg>url=/getJSON?username=${username}&amp;geonameId=${city}</arg>
<doc>Sends a GET request on a previously created HTTP Session.</doc>
<msg timestamp="20220710 15:50:29.609" level="INFO">GET Request : url=http://api.geonames.org/getJSON?username=geonamesfreeaccountt&amp;geonameId=6449768 
 path_url=/getJSON?username=geonamesfreeaccountt&amp;geonameId=6449768 
 headers={'User-Agent': 'python-requests/2.28.1', 'Accept-Encoding': 'gzip, deflate', 'Accept': '*/*', 'Connection': 'keep-alive'} 
 body=None 
 </msg>
<msg timestamp="20220710 15:50:29.609" level="INFO">GET Response : url=http://api.geonames.org/getJSON?username=geonamesfreeaccountt&amp;geonameId=6449768 
 status=200, reason=200 
 headers={'Date': 'Sun, 10 Jul 2022 12:50:29 GMT', 'Server': 'Apache/2.4.37 (centos) mod_jk/1.2.48 OpenSSL/1.1.1g', 'Access-Control-Allow-Origin': '*', 'X-Frame-Options': 'sameorigin', 'Cache-Control': 'no-cache', 'Keep-Alive': 'timeout=5, max=100', 'Connection': 'Keep-Alive', 'Transfer-Encoding': 'chunked', 'Content-Type': 'application/json;charset=UTF-8'} 
 body={"timezone":{"gmtOffset":1,"timeZoneId":"Europe/Paris","dstOffset":2},"bbox":{"east":5.21521615086244,"south":48.7258366473969,"north":48.7982643345094,"west":5.12666821095485,"accuracyLevel":0},"asciiName":"Bar-le-Duc","astergdem":178,"countryId":"3017382","fcl":"A","srtm3":184,"adminId2":"2994106","adminId3":"3034910","countryCode":"FR","adminId4":"6449768","adminCodes2":{"ISO3166_2":"55"},"adminCodes1":{"ISO3166_2":"GES"},"adminId1":"11071622","lat":"48.7719","fcode":"ADM4","continentCode":"EU","adminCode2":"55","adminCode3":"551","adminCode1":"44","lng":"5.1677","geonameId":6449768,"toponymName":"Bar-le-Duc","adminCode4":"55029","population":15221,"wikipediaURL":"en.wikipedia.org/wiki/Bar-le-Duc","adminName5":"","adminName4":"Bar-le-Duc","adminName3":"Bar-le-Duc","alternateNames":[{"name":"55029","lang":"lauc"},{"isShortName":true,"name":"Bar-le-Duc","lang":"fr"},{"isShortName":true,"name":"Bar-le-Duc"},{"name":"https://en.wikipedia.org/wiki/Bar-le-Duc","lang":"link"}],"adminName2":"Meuse","name":"Bar-le-Duc","fclName":"country, state, region,...","countryName":"France","fcodeName":"fourth-order administrative division","adminName1":"Grand Est"} 
 </msg>
<msg timestamp="20220710 15:50:29.610" level="INFO">${response} = &lt;Response [200]&gt;</msg>
<status status="PASS" starttime="20220710 15:50:29.419" endtime="20220710 15:50:29.610"/>
</kw>
<kw name="Set Variable" library="BuiltIn">
<var>${responseJson}</var>
<arg>${response.json()}</arg>
<doc>Returns the given values which can then be assigned to a variables.</doc>
<msg timestamp="20220710 15:50:29.612" level="INFO">${responseJson} = {'timezone': {'gmtOffset': 1, 'timeZoneId': 'Europe/Paris', 'dstOffset': 2}, 'bbox': {'east': 5.21521615086244, 'south': 48.7258366473969, 'north': 48.7982643345094, 'west': 5.12666821095485, 'accurac...</msg>
<status status="PASS" starttime="20220710 15:50:29.610" endtime="20220710 15:50:29.612"/>
</kw>
<kw name="Log To Console" library="BuiltIn">
<arg>${responseJson}</arg>
<doc>Logs the given message to the console.</doc>
<status status="PASS" starttime="20220710 15:50:29.613" endtime="20220710 15:50:29.614"/>
</kw>
<kw name="get value from json">
<var>${name_alternateName}</var>
<arg>${responseJson}</arg>
<arg>alternateNames.name</arg>
<msg timestamp="20220710 15:50:29.623" level="FAIL">No keyword with name 'get value from json' found. Did you try using keyword 'RequestsLibrary.GET' and forgot to use enough whitespace between keyword and arguments?</msg>
<status status="FAIL" starttime="20220710 15:50:29.622" endtime="20220710 15:50:29.623"/>
</kw>
<kw name="Should Be Equal As Integers" library="BuiltIn">
<arg>200</arg>
<arg>${response.status_code}</arg>
<doc>Fails if objects are unequal after converting them to integers.</doc>
<status status="NOT RUN" starttime="20220710 15:50:29.626" endtime="20220710 15:50:29.626"/>
</kw>
<status status="FAIL" starttime="20220710 15:50:29.417" endtime="20220710 15:50:29.629">No keyword with name 'get value from json' found. Did you try using keyword 'RequestsLibrary.GET' and forgot to use enough whitespace between keyword and arguments?</status>
</test>
<status status="FAIL" starttime="20220710 15:50:29.283" endtime="20220710 15:50:29.632"/>
</suite>
<statistics>
<total>
<stat pass="0" fail="1" skip="0">All Tests</stat>
</total>
<tag>
</tag>
<suite>
<stat pass="0" fail="1" skip="0" id="s1" name="Ceva">Ceva</stat>
</suite>
</statistics>
<errors>
<msg timestamp="20220710 15:50:29.320" level="ERROR">Error in file '/home/horatiu/Downloads/PycharmProjects/requests1/TestCases/ceva.robot' on line 2: Importing library 'JSONLibrary' failed: ModuleNotFoundError: No module named 'JSONLibrary'
Traceback (most recent call last):
  None
PYTHONPATH:
  /home/horatiu/Downloads/PycharmProjects/requests1/venv/bin
  /app/packages/python
  /usr/lib/python39.zip
  /usr/lib/python3.9
  /usr/lib/python3.9/lib-dynload
  /home/horatiu/Downloads/PycharmProjects/requests1/venv/lib/python3.9/site-packages
  /app/lib/python3.9/site-packages</msg>
</errors>
</robot>
